<?xml version="1.0" encoding="UTF-8"?>
<testsuites tests="4" failures="2">
  <testsuite name="pgbot" tests="4" failures="2">
    <testcase name="fsync_off setting:fsync" classname="risk">
      <failure message="fsync is OFF — a crash can corrupt the database" type="critical">Set fsync = on.</failure>
    </testcase>
    <testcase name="unused_indexes" classname="storage">
      <failure message="2 unused index(es)" type="warn">Drop with DROP INDEX CONCURRENTLY.</failure>
    </testcase>
    <testcase name="io_timing_off setting:track_io_timing" classname="throughput"></testcase>
    <testcase name="checksums_disabled setting:data_checksums" classname="risk">
      <skipped message="suppressed by config: managed provider"></skipped>
    </testcase>
  </testsuite>
</testsuites>
